<?xml version="1.0" encoding="UTF-8"?>
<!-- Generated by org.testng.reporters.JUnitXMLReporter -->
<testsuite hostname="LAP0002410" ignored="0" name="Default test" tests="3" failures="0" timestamp="14 Dec 2017 12:21:08 GMT" time="134.586" errors="0">
  <testcase name="addEntirePropRoomVendor" time="47.421" classname="test1.test1.Import"/>
  <testcase name="addEntirePropVendor" time="43.219" classname="test1.test1.Import"/>
  <testcase name="addVendorWithRoomOnly" time="43.9" classname="test1.test1.Import"/>
</testsuite> <!-- Default test -->
