<?xml version="1.0" encoding="UTF-8"?>
<testng-results skipped="0" failed="0" ignored="0" total="3" passed="3">
  <reporter-output>
  </reporter-output>
  <suite name="Default suite" duration-ms="134586" started-at="2017-12-14T12:18:54Z" finished-at="2017-12-14T12:21:08Z">
    <groups>
    </groups>
    <test name="Default test" duration-ms="134586" started-at="2017-12-14T12:18:54Z" finished-at="2017-12-14T12:21:08Z">
      <class name="test1.test1.Import">
        <test-method status="PASS" signature="init()[pri:0, instance:test1.test1.Import@2a693f59]" name="init" is-config="true" duration-ms="908" started-at="2017-12-14T17:48:53Z" finished-at="2017-12-14T17:48:54Z">
          <reporter-output>
          </reporter-output>
        </test-method> <!-- init -->
        <test-method status="PASS" signature="addEntirePropRoomVendor()[pri:0, instance:test1.test1.Import@2a693f59]" name="addEntirePropRoomVendor" duration-ms="47421" started-at="2017-12-14T17:48:54Z" finished-at="2017-12-14T17:49:41Z">
          <reporter-output>
          </reporter-output>
        </test-method> <!-- addEntirePropRoomVendor -->
        <test-method status="PASS" signature="addEntirePropVendor()[pri:0, instance:test1.test1.Import@2a693f59]" name="addEntirePropVendor" duration-ms="43219" started-at="2017-12-14T17:49:41Z" finished-at="2017-12-14T17:50:24Z">
          <reporter-output>
          </reporter-output>
        </test-method> <!-- addEntirePropVendor -->
        <test-method status="PASS" signature="addVendorWithRoomOnly()[pri:0, instance:test1.test1.Import@2a693f59]" name="addVendorWithRoomOnly" duration-ms="43900" started-at="2017-12-14T17:50:24Z" finished-at="2017-12-14T17:51:08Z">
          <reporter-output>
          </reporter-output>
        </test-method> <!-- addVendorWithRoomOnly -->
        <test-method status="PASS" signature="tearDown()[pri:0, instance:test1.test1.Import@2a693f59]" name="tearDown" is-config="true" duration-ms="0" started-at="2017-12-14T17:51:08Z" finished-at="2017-12-14T17:51:08Z">
          <reporter-output>
          </reporter-output>
        </test-method> <!-- tearDown -->
      </class> <!-- test1.test1.Import -->
    </test> <!-- Default test -->
  </suite> <!-- Default suite -->
</testng-results>
